  [1m[36m (0.1ms)[0m  [1mselect sqlite_version(*)[0m
  [1m[35m (125.4ms)[0m  CREATE TABLE "schema_migrations" ("version" varchar(255) NOT NULL) 
  [1m[36m (0.1ms)[0m  [1mPRAGMA index_list("schema_migrations")[0m
  [1m[35m (63.6ms)[0m  CREATE UNIQUE INDEX "unique_schema_migrations" ON "schema_migrations" ("version")
  [1m[36m (0.2ms)[0m  [1mSELECT "schema_migrations"."version" FROM "schema_migrations" [0m
Migrating to CreateMovies (20111119180638)
  [1m[35m (0.8ms)[0m  CREATE TABLE "movies" ("id" INTEGER PRIMARY KEY AUTOINCREMENT NOT NULL, "title" varchar(255), "rating" varchar(255), "description" text, "release_date" datetime, "created_at" datetime, "updated_at" datetime) 
  [1m[36m (0.2ms)[0m  [1mINSERT INTO "schema_migrations" ("version") VALUES ('20111119180638')[0m
  [1m[35m (0.4ms)[0m  select sqlite_version(*)
  [1m[36m (0.3ms)[0m  [1mSELECT "schema_migrations"."version" FROM "schema_migrations" [0m
  [1m[35m (0.1ms)[0m  PRAGMA index_list("movies")
  [1m[36m (0.2ms)[0m  [1mSELECT "schema_migrations"."version" FROM "schema_migrations" [0m
  [1m[35mSQL (50.2ms)[0m  INSERT INTO "movies" ("created_at", "description", "rating", "release_date", "title", "updated_at") VALUES (?, ?, ?, ?, ?, ?)  [["created_at", Thu, 18 Oct 2012 02:43:39 UTC +00:00], ["description", nil], ["rating", "G"], ["release_date", Wed, 25 Nov 1992 00:00:00 UTC +00:00], ["title", "Aladdin"], ["updated_at", Thu, 18 Oct 2012 02:43:39 UTC +00:00]]
  [1m[36mSQL (0.8ms)[0m  [1mINSERT INTO "movies" ("created_at", "description", "rating", "release_date", "title", "updated_at") VALUES (?, ?, ?, ?, ?, ?)[0m  [["created_at", Thu, 18 Oct 2012 02:43:39 UTC +00:00], ["description", nil], ["rating", "R"], ["release_date", Fri, 26 Oct 1984 00:00:00 UTC +00:00], ["title", "The Terminator"], ["updated_at", Thu, 18 Oct 2012 02:43:39 UTC +00:00]]
  [1m[35mSQL (0.8ms)[0m  INSERT INTO "movies" ("created_at", "description", "rating", "release_date", "title", "updated_at") VALUES (?, ?, ?, ?, ?, ?)  [["created_at", Thu, 18 Oct 2012 02:43:39 UTC +00:00], ["description", nil], ["rating", "R"], ["release_date", Fri, 21 Jul 1989 00:00:00 UTC +00:00], ["title", "When Harry Met Sally"], ["updated_at", Thu, 18 Oct 2012 02:43:39 UTC +00:00]]
  [1m[36mSQL (0.7ms)[0m  [1mINSERT INTO "movies" ("created_at", "description", "rating", "release_date", "title", "updated_at") VALUES (?, ?, ?, ?, ?, ?)[0m  [["created_at", Thu, 18 Oct 2012 02:43:39 UTC +00:00], ["description", nil], ["rating", "PG-13"], ["release_date", Wed, 10 Aug 2011 00:00:00 UTC +00:00], ["title", "The Help"], ["updated_at", Thu, 18 Oct 2012 02:43:39 UTC +00:00]]
  [1m[35mSQL (1.4ms)[0m  INSERT INTO "movies" ("created_at", "description", "rating", "release_date", "title", "updated_at") VALUES (?, ?, ?, ?, ?, ?)  [["created_at", Thu, 18 Oct 2012 02:43:39 UTC +00:00], ["description", nil], ["rating", "PG-13"], ["release_date", Fri, 05 Jan 2001 00:00:00 UTC +00:00], ["title", "Chocolat"], ["updated_at", Thu, 18 Oct 2012 02:43:39 UTC +00:00]]
  [1m[36mSQL (1.1ms)[0m  [1mINSERT INTO "movies" ("created_at", "description", "rating", "release_date", "title", "updated_at") VALUES (?, ?, ?, ?, ?, ?)[0m  [["created_at", Thu, 18 Oct 2012 02:43:40 UTC +00:00], ["description", nil], ["rating", "R"], ["release_date", Wed, 25 Apr 2001 00:00:00 UTC +00:00], ["title", "Amelie"], ["updated_at", Thu, 18 Oct 2012 02:43:40 UTC +00:00]]
  [1m[35mSQL (1.0ms)[0m  INSERT INTO "movies" ("created_at", "description", "rating", "release_date", "title", "updated_at") VALUES (?, ?, ?, ?, ?, ?)  [["created_at", Thu, 18 Oct 2012 02:43:40 UTC +00:00], ["description", nil], ["rating", "G"], ["release_date", Sat, 06 Apr 1968 00:00:00 UTC +00:00], ["title", "2001: A Space Odyssey"], ["updated_at", Thu, 18 Oct 2012 02:43:40 UTC +00:00]]
  [1m[36mSQL (0.8ms)[0m  [1mINSERT INTO "movies" ("created_at", "description", "rating", "release_date", "title", "updated_at") VALUES (?, ?, ?, ?, ?, ?)[0m  [["created_at", Thu, 18 Oct 2012 02:43:40 UTC +00:00], ["description", nil], ["rating", "PG"], ["release_date", Fri, 05 Nov 2004 00:00:00 UTC +00:00], ["title", "The Incredibles"], ["updated_at", Thu, 18 Oct 2012 02:43:40 UTC +00:00]]
  [1m[35mSQL (1.1ms)[0m  INSERT INTO "movies" ("created_at", "description", "rating", "release_date", "title", "updated_at") VALUES (?, ?, ?, ?, ?, ?)  [["created_at", Thu, 18 Oct 2012 02:43:40 UTC +00:00], ["description", nil], ["rating", "PG"], ["release_date", Fri, 12 Jun 1981 00:00:00 UTC +00:00], ["title", "Raiders of the Lost Ark"], ["updated_at", Thu, 18 Oct 2012 02:43:40 UTC +00:00]]
  [1m[36mSQL (1.1ms)[0m  [1mINSERT INTO "movies" ("created_at", "description", "rating", "release_date", "title", "updated_at") VALUES (?, ?, ?, ?, ?, ?)[0m  [["created_at", Thu, 18 Oct 2012 02:43:40 UTC +00:00], ["description", nil], ["rating", "G"], ["release_date", Wed, 21 Jun 2000 00:00:00 UTC +00:00], ["title", "Chicken Run"], ["updated_at", Thu, 18 Oct 2012 02:43:40 UTC +00:00]]


Started GET "/movies" for 127.0.0.1 at 2012-10-17 19:44:50 -0700
  Processing by MoviesController#index as HTML
  [1m[36mMovie Load (0.4ms)[0m  [1mSELECT "movies".* FROM "movies" [0m
Rendered movies/index.html.haml within layouts/application (45.9ms)
Compiled application.css  (0ms)  (pid 5355)
Compiled application.js  (34ms)  (pid 5355)
Compiled jquery.js  (34ms)  (pid 5355)
Compiled jquery_ujs.js  (14ms)  (pid 5355)
Completed 200 OK in 489ms (Views: 486.2ms | ActiveRecord: 0.8ms)


Started GET "/assets/application.css?body=1" for 127.0.0.1 at 2012-10-17 19:44:57 -0700
Served asset /application.css - 304 Not Modified (19ms)


Started GET "/assets/jquery.js?body=1" for 127.0.0.1 at 2012-10-17 19:44:57 -0700
Served asset /jquery.js - 304 Not Modified (30ms)


Started GET "/assets/jquery_ujs.js?body=1" for 127.0.0.1 at 2012-10-17 19:44:57 -0700
Served asset /jquery_ujs.js - 304 Not Modified (18ms)


Started GET "/assets/application.js?body=1" for 127.0.0.1 at 2012-10-17 19:44:57 -0700
Served asset /application.js - 304 Not Modified (0ms)


Started GET "/assets/rails.png" for 127.0.0.1 at 2013-04-04 08:51:43 -0700
Served asset /rails.png - 200 OK (90ms)


Started GET "/movies" for 127.0.0.1 at 2013-04-04 08:51:55 -0700
  Processing by MoviesController#index as HTML
  [1m[36mMovie Load (0.6ms)[0m  [1mSELECT "movies".* FROM "movies" [0m
Rendered movies/index.html.haml within layouts/application (94.4ms)
Completed 200 OK in 547ms (Views: 543.6ms | ActiveRecord: 0.9ms)


Started GET "/assets/application.css?body=1" for 127.0.0.1 at 2013-04-04 08:51:57 -0700
Served asset /application.css - 200 OK (12ms)


Started GET "/assets/jquery.js?body=1" for 127.0.0.1 at 2013-04-04 08:51:57 -0700
Served asset /jquery.js - 200 OK (136ms)


Started GET "/assets/jquery_ujs.js?body=1" for 127.0.0.1 at 2013-04-04 08:51:57 -0700
Served asset /jquery_ujs.js - 200 OK (65ms)


Started GET "/assets/application.js?body=1" for 127.0.0.1 at 2013-04-04 08:51:57 -0700
Served asset /application.js - 200 OK (58ms)


Started GET "/movies/new" for 127.0.0.1 at 2013-04-04 08:52:07 -0700
  Processing by MoviesController#new as HTML
Rendered movies/new.html.haml within layouts/application (40.7ms)
Completed 200 OK in 123ms (Views: 122.6ms | ActiveRecord: 0.0ms)


Started GET "/movies/1" for 127.0.0.1 at 2013-04-04 08:52:14 -0700
  Processing by MoviesController#show as HTML
  Parameters: {"id"=>"1"}
  [1m[35mMovie Load (0.5ms)[0m  SELECT "movies".* FROM "movies" WHERE "movies"."id" = ? LIMIT 1  [["id", "1"]]
Rendered movies/show.html.haml within layouts/application (15.7ms)
Completed 200 OK in 75ms (Views: 54.3ms | ActiveRecord: 7.9ms)


Started GET "/movies" for 127.0.0.1 at 2013-04-04 10:37:32 -0700
  Processing by MoviesController#index as HTML
  [1m[36mMovie Load (0.7ms)[0m  [1mSELECT "movies".* FROM "movies" [0m
Rendered movies/index.html.haml within layouts/application (230.6ms)
Completed 200 OK in 311ms (Views: 304.7ms | ActiveRecord: 2.7ms)


Started GET "/assets/application.css?body=1" for 127.0.0.1 at 2013-04-04 10:37:32 -0700
Served asset /application.css - 304 Not Modified (0ms)


Started GET "/assets/jquery.js?body=1" for 127.0.0.1 at 2013-04-04 10:37:32 -0700
Served asset /jquery.js - 304 Not Modified (0ms)


Started GET "/assets/jquery_ujs.js?body=1" for 127.0.0.1 at 2013-04-04 10:37:32 -0700
Served asset /jquery_ujs.js - 304 Not Modified (0ms)


Started GET "/assets/application.js?body=1" for 127.0.0.1 at 2013-04-04 10:37:32 -0700
Served asset /application.js - 304 Not Modified (0ms)


Started GET "/movies" for 127.0.0.1 at 2013-04-04 10:38:27 -0700
  Processing by MoviesController#index as HTML
  [1m[35mMovie Load (0.6ms)[0m  SELECT "movies".* FROM "movies" 
Rendered movies/index.html.haml within layouts/application (91.3ms)
Completed 500 Internal Server Error in 213ms

ActionView::Template::Error (undefined local variable or method `movie' for #<#<Class:0xb3117f34>:0xb311638c>):
    4: %table#movies
    5:   %thead
    6:     %tr
    7:       %th= link_to "#{movie.title}", movies_path
    8:       %th Rating
    9:       %th Release Date
    10:       %th More Info
  app/views/movies/index.html.haml:7:in `_app_views_movies_index_html_haml___336134904__645354208'

Rendered /usr/local/lib/ruby/gems/1.9.1/gems/actionpack-3.1.0/lib/action_dispatch/middleware/templates/rescues/_trace.erb (1.5ms)
Rendered /usr/local/lib/ruby/gems/1.9.1/gems/actionpack-3.1.0/lib/action_dispatch/middleware/templates/rescues/_request_and_response.erb (1.9ms)
Rendered /usr/local/lib/ruby/gems/1.9.1/gems/actionpack-3.1.0/lib/action_dispatch/middleware/templates/rescues/template_error.erb within rescues/layout (8.2ms)


Started GET "/movies" for 127.0.0.1 at 2013-04-04 10:39:08 -0700
  Processing by MoviesController#index as HTML
  [1m[36mMovie Load (0.7ms)[0m  [1mSELECT "movies".* FROM "movies" [0m
Rendered movies/index.html.haml within layouts/application (143.9ms)
Completed 200 OK in 168ms (Views: 163.9ms | ActiveRecord: 1.7ms)


Started GET "/assets/application.css?body=1" for 127.0.0.1 at 2013-04-04 10:39:09 -0700
Served asset /application.css - 304 Not Modified (20ms)


Started GET "/assets/jquery.js?body=1" for 127.0.0.1 at 2013-04-04 10:39:09 -0700
Served asset /jquery.js - 304 Not Modified (0ms)


Started GET "/assets/application.js?body=1" for 127.0.0.1 at 2013-04-04 10:39:09 -0700
Served asset /application.js - 304 Not Modified (0ms)


Started GET "/assets/jquery_ujs.js?body=1" for 127.0.0.1 at 2013-04-04 10:39:09 -0700
Served asset /jquery_ujs.js - 304 Not Modified (0ms)


Started GET "/movies" for 127.0.0.1 at 2013-04-04 10:39:13 -0700
  Processing by MoviesController#index as HTML
  [1m[35mMovie Load (0.4ms)[0m  SELECT "movies".* FROM "movies" 
Rendered movies/index.html.haml within layouts/application (15.2ms)
Completed 200 OK in 34ms (Views: 30.1ms | ActiveRecord: 1.3ms)


Started GET "/assets/application.css?body=1" for 127.0.0.1 at 2013-04-04 10:39:13 -0700
Served asset /application.css - 304 Not Modified (0ms)


Started GET "/assets/jquery.js?body=1" for 127.0.0.1 at 2013-04-04 10:39:13 -0700
Served asset /jquery.js - 304 Not Modified (0ms)


Started GET "/assets/jquery_ujs.js?body=1" for 127.0.0.1 at 2013-04-04 10:39:13 -0700
Served asset /jquery_ujs.js - 304 Not Modified (0ms)


Started GET "/assets/application.js?body=1" for 127.0.0.1 at 2013-04-04 10:39:13 -0700
Served asset /application.js - 304 Not Modified (0ms)


Started GET "/movies" for 127.0.0.1 at 2013-04-04 10:39:15 -0700
  Processing by MoviesController#index as HTML
  [1m[36mMovie Load (0.4ms)[0m  [1mSELECT "movies".* FROM "movies" [0m
Rendered movies/index.html.haml within layouts/application (19.2ms)
Completed 200 OK in 34ms (Views: 30.5ms | ActiveRecord: 1.3ms)


Started GET "/assets/application.css?body=1" for 127.0.0.1 at 2013-04-04 10:39:15 -0700
Served asset /application.css - 304 Not Modified (0ms)


Started GET "/assets/jquery.js?body=1" for 127.0.0.1 at 2013-04-04 10:39:15 -0700
Served asset /jquery.js - 304 Not Modified (0ms)


Started GET "/assets/application.js?body=1" for 127.0.0.1 at 2013-04-04 10:39:15 -0700
Served asset /application.js - 304 Not Modified (0ms)


Started GET "/assets/jquery_ujs.js?body=1" for 127.0.0.1 at 2013-04-04 10:39:15 -0700
Served asset /jquery_ujs.js - 304 Not Modified (0ms)


Started GET "/movies" for 127.0.0.1 at 2013-04-04 10:42:47 -0700
  Processing by MoviesController#index as HTML
  [1m[35mMovie Load (95.1ms)[0m  SELECT "movies".* FROM "movies" 
Rendered movies/index.html.haml within layouts/application (20.0ms)
Completed 200 OK in 142ms (Views: 40.4ms | ActiveRecord: 96.7ms)


Started GET "/assets/application.css?body=1" for 127.0.0.1 at 2013-04-04 10:42:47 -0700
Served asset /application.css - 304 Not Modified (12ms)


Started GET "/assets/application.js?body=1" for 127.0.0.1 at 2013-04-04 10:42:48 -0700
Served asset /application.js - 304 Not Modified (0ms)


Started GET "/assets/jquery.js?body=1" for 127.0.0.1 at 2013-04-04 10:42:48 -0700
Served asset /jquery.js - 304 Not Modified (0ms)


Started GET "/assets/jquery_ujs.js?body=1" for 127.0.0.1 at 2013-04-04 10:42:48 -0700
Served asset /jquery_ujs.js - 304 Not Modified (0ms)


Started GET "/movies" for 127.0.0.1 at 2013-04-04 10:42:52 -0700
  Processing by MoviesController#index as HTML
  [1m[36mMovie Load (0.4ms)[0m  [1mSELECT "movies".* FROM "movies" [0m
Rendered movies/index.html.haml within layouts/application (14.1ms)
Completed 200 OK in 35ms (Views: 31.4ms | ActiveRecord: 1.0ms)


Started GET "/assets/application.css?body=1" for 127.0.0.1 at 2013-04-04 10:42:52 -0700
Served asset /application.css - 304 Not Modified (0ms)


Started GET "/assets/jquery.js?body=1" for 127.0.0.1 at 2013-04-04 10:42:52 -0700
Served asset /jquery.js - 304 Not Modified (5ms)


Started GET "/assets/jquery_ujs.js?body=1" for 127.0.0.1 at 2013-04-04 10:42:52 -0700
Served asset /jquery_ujs.js - 304 Not Modified (0ms)


Started GET "/assets/application.js?body=1" for 127.0.0.1 at 2013-04-04 10:42:52 -0700
Served asset /application.js - 304 Not Modified (7ms)


Started GET "/movies" for 127.0.0.1 at 2013-04-04 10:42:55 -0700
  Processing by MoviesController#index as HTML
  [1m[35mMovie Load (0.6ms)[0m  SELECT "movies".* FROM "movies" 
Rendered movies/index.html.haml within layouts/application (20.6ms)
Completed 200 OK in 35ms (Views: 31.0ms | ActiveRecord: 1.2ms)


Started GET "/assets/application.css?body=1" for 127.0.0.1 at 2013-04-04 10:42:56 -0700
Served asset /application.css - 304 Not Modified (11ms)


Started GET "/assets/jquery.js?body=1" for 127.0.0.1 at 2013-04-04 10:42:56 -0700
Served asset /jquery.js - 304 Not Modified (34ms)


Started GET "/assets/application.js?body=1" for 127.0.0.1 at 2013-04-04 10:42:56 -0700
Served asset /application.js - 304 Not Modified (0ms)


Started GET "/assets/jquery_ujs.js?body=1" for 127.0.0.1 at 2013-04-04 10:42:56 -0700
Served asset /jquery_ujs.js - 304 Not Modified (0ms)


Started GET "/movies" for 127.0.0.1 at 2013-04-04 10:44:15 -0700
  Processing by MoviesController#index as HTML
Completed 500 Internal Server Error in 6ms

NoMethodError (undefined method `all_by_order' for #<Class:0xb45edbd4>):
  app/controllers/movies_controller.rb:11:in `index'

Rendered /usr/local/lib/ruby/gems/1.9.1/gems/actionpack-3.1.0/lib/action_dispatch/middleware/templates/rescues/_trace.erb (1.2ms)
Rendered /usr/local/lib/ruby/gems/1.9.1/gems/actionpack-3.1.0/lib/action_dispatch/middleware/templates/rescues/_request_and_response.erb (1.1ms)
Rendered /usr/local/lib/ruby/gems/1.9.1/gems/actionpack-3.1.0/lib/action_dispatch/middleware/templates/rescues/diagnostics.erb within rescues/layout (8.3ms)


Started GET "/movies" for 127.0.0.1 at 2013-04-04 12:23:02 -0700
  Processing by MoviesController#index as HTML
  [1m[36mMovie Load (0.5ms)[0m  [1mSELECT "movies".* FROM "movies" [0m
Completed 500 Internal Server Error in 62ms

NoMethodError (undefined method `order' for #<Array:0xb3522fac>):
  app/controllers/movies_controller.rb:11:in `index'

Rendered /usr/local/lib/ruby/gems/1.9.1/gems/actionpack-3.1.0/lib/action_dispatch/middleware/templates/rescues/_trace.erb (2.2ms)
Rendered /usr/local/lib/ruby/gems/1.9.1/gems/actionpack-3.1.0/lib/action_dispatch/middleware/templates/rescues/_request_and_response.erb (1.3ms)
Rendered /usr/local/lib/ruby/gems/1.9.1/gems/actionpack-3.1.0/lib/action_dispatch/middleware/templates/rescues/diagnostics.erb within rescues/layout (21.6ms)


Started GET "/movies" for 127.0.0.1 at 2013-04-04 12:29:13 -0700
  Processing by MoviesController#index as HTML
  [1m[35mMovie Load (0.4ms)[0m  SELECT "movies".* FROM "movies" 
Rendered movies/index.html.haml within layouts/application (25.5ms)
Completed 200 OK in 57ms (Views: 52.5ms | ActiveRecord: 1.1ms)


Started GET "/assets/application.css?body=1" for 127.0.0.1 at 2013-04-04 12:29:14 -0700
Served asset /application.css - 304 Not Modified (0ms)


Started GET "/assets/jquery.js?body=1" for 127.0.0.1 at 2013-04-04 12:29:14 -0700
Served asset /jquery.js - 304 Not Modified (0ms)


Started GET "/assets/jquery_ujs.js?body=1" for 127.0.0.1 at 2013-04-04 12:29:14 -0700
Served asset /jquery_ujs.js - 304 Not Modified (17ms)


Started GET "/assets/application.js?body=1" for 127.0.0.1 at 2013-04-04 12:29:14 -0700
Served asset /application.js - 304 Not Modified (0ms)


Started GET "/movies?order=title" for 127.0.0.1 at 2013-04-04 12:29:19 -0700
  Processing by MoviesController#index as HTML
  Parameters: {"order"=>"title"}
  [1m[36mMovie Load (1.7ms)[0m  [1mSELECT "movies".* FROM "movies" ORDER BY title[0m
Rendered movies/index.html.haml within layouts/application (21.6ms)
Completed 200 OK in 38ms (Views: 33.5ms | ActiveRecord: 2.5ms)


Started GET "/assets/application.css?body=1" for 127.0.0.1 at 2013-04-04 12:29:19 -0700
Served asset /application.css - 304 Not Modified (0ms)


Started GET "/assets/jquery.js?body=1" for 127.0.0.1 at 2013-04-04 12:29:20 -0700
Served asset /jquery.js - 304 Not Modified (0ms)


Started GET "/assets/jquery_ujs.js?body=1" for 127.0.0.1 at 2013-04-04 12:29:20 -0700
Served asset /jquery_ujs.js - 304 Not Modified (0ms)


Started GET "/assets/application.js?body=1" for 127.0.0.1 at 2013-04-04 12:29:20 -0700
Served asset /application.js - 304 Not Modified (0ms)


Started GET "/movies" for 127.0.0.1 at 2013-04-04 12:29:48 -0700
  Processing by MoviesController#index as HTML
  [1m[35mMovie Load (0.4ms)[0m  SELECT "movies".* FROM "movies" 
Rendered movies/index.html.haml within layouts/application (36.0ms)
Completed 200 OK in 65ms (Views: 58.0ms | ActiveRecord: 1.1ms)


Started GET "/assets/application.css?body=1" for 127.0.0.1 at 2013-04-04 12:29:48 -0700
Served asset /application.css - 304 Not Modified (0ms)


Started GET "/assets/jquery.js?body=1" for 127.0.0.1 at 2013-04-04 12:29:48 -0700
Served asset /jquery.js - 304 Not Modified (0ms)


Started GET "/assets/jquery_ujs.js?body=1" for 127.0.0.1 at 2013-04-04 12:29:48 -0700
Served asset /jquery_ujs.js - 304 Not Modified (0ms)


Started GET "/assets/application.js?body=1" for 127.0.0.1 at 2013-04-04 12:29:48 -0700
Served asset /application.js - 304 Not Modified (0ms)


Started GET "/movies?order=title" for 127.0.0.1 at 2013-04-04 12:29:54 -0700
  Processing by MoviesController#index as HTML
  Parameters: {"order"=>"title"}
  [1m[36mMovie Load (0.5ms)[0m  [1mSELECT "movies".* FROM "movies" ORDER BY title[0m
Rendered movies/index.html.haml within layouts/application (23.4ms)
Completed 200 OK in 67ms (Views: 51.4ms | ActiveRecord: 13.0ms)


Started GET "/assets/application.css?body=1" for 127.0.0.1 at 2013-04-04 12:29:55 -0700
Served asset /application.css - 304 Not Modified (0ms)


Started GET "/assets/jquery_ujs.js?body=1" for 127.0.0.1 at 2013-04-04 12:29:55 -0700
Served asset /jquery_ujs.js - 304 Not Modified (0ms)


Started GET "/assets/jquery.js?body=1" for 127.0.0.1 at 2013-04-04 12:29:55 -0700
Served asset /jquery.js - 304 Not Modified (0ms)


Started GET "/assets/application.js?body=1" for 127.0.0.1 at 2013-04-04 12:29:55 -0700
Served asset /application.js - 304 Not Modified (0ms)


Started GET "/movies?order=title" for 127.0.0.1 at 2013-04-04 12:31:30 -0700
  Processing by MoviesController#index as HTML
  Parameters: {"order"=>"title"}
  [1m[35mMovie Load (0.5ms)[0m  SELECT "movies".* FROM "movies" ORDER BY title
Rendered movies/index.html.haml within layouts/application (46.2ms)
Completed 200 OK in 66ms (Views: 62.4ms | ActiveRecord: 1.1ms)


Started GET "/assets/application.css?body=1" for 127.0.0.1 at 2013-04-04 12:31:31 -0700
Served asset /application.css - 304 Not Modified (0ms)


Started GET "/assets/jquery.js?body=1" for 127.0.0.1 at 2013-04-04 12:31:31 -0700
Served asset /jquery.js - 304 Not Modified (0ms)


Started GET "/assets/jquery_ujs.js?body=1" for 127.0.0.1 at 2013-04-04 12:31:31 -0700
Served asset /jquery_ujs.js - 304 Not Modified (0ms)


Started GET "/assets/application.js?body=1" for 127.0.0.1 at 2013-04-04 12:31:31 -0700
Served asset /application.js - 304 Not Modified (0ms)


Started GET "/movies" for 127.0.0.1 at 2013-04-04 12:31:44 -0700
  Processing by MoviesController#index as HTML
  [1m[36mMovie Load (0.4ms)[0m  [1mSELECT "movies".* FROM "movies" [0m
Rendered movies/index.html.haml within layouts/application (170.2ms)
Completed 200 OK in 205ms (Views: 195.2ms | ActiveRecord: 1.1ms)


Started GET "/assets/application.css?body=1" for 127.0.0.1 at 2013-04-04 12:31:45 -0700
Served asset /application.css - 304 Not Modified (0ms)


Started GET "/assets/jquery.js?body=1" for 127.0.0.1 at 2013-04-04 12:31:45 -0700
Served asset /jquery.js - 304 Not Modified (0ms)


Started GET "/assets/jquery_ujs.js?body=1" for 127.0.0.1 at 2013-04-04 12:31:45 -0700
Served asset /jquery_ujs.js - 304 Not Modified (0ms)


Started GET "/assets/application.js?body=1" for 127.0.0.1 at 2013-04-04 12:31:45 -0700
Served asset /application.js - 304 Not Modified (6ms)


Started GET "/movies?order=release_date" for 127.0.0.1 at 2013-04-04 12:31:51 -0700
  Processing by MoviesController#index as HTML
  Parameters: {"order"=>"release_date"}
  [1m[35mMovie Load (0.4ms)[0m  SELECT "movies".* FROM "movies" ORDER BY release_date
Rendered movies/index.html.haml within layouts/application (31.4ms)
Completed 200 OK in 53ms (Views: 49.2ms | ActiveRecord: 1.2ms)


Started GET "/assets/application.css?body=1" for 127.0.0.1 at 2013-04-04 12:31:52 -0700
Served asset /application.css - 304 Not Modified (0ms)


Started GET "/assets/jquery.js?body=1" for 127.0.0.1 at 2013-04-04 12:31:52 -0700
Served asset /jquery.js - 304 Not Modified (0ms)


Started GET "/assets/jquery_ujs.js?body=1" for 127.0.0.1 at 2013-04-04 12:31:52 -0700
Served asset /jquery_ujs.js - 304 Not Modified (18ms)


Started GET "/assets/application.js?body=1" for 127.0.0.1 at 2013-04-04 12:31:52 -0700
Served asset /application.js - 304 Not Modified (0ms)


Started GET "/movies?order=title" for 127.0.0.1 at 2013-04-04 12:31:59 -0700
  Processing by MoviesController#index as HTML
  Parameters: {"order"=>"title"}
  [1m[36mMovie Load (0.4ms)[0m  [1mSELECT "movies".* FROM "movies" ORDER BY title[0m
Rendered movies/index.html.haml within layouts/application (20.7ms)
Completed 200 OK in 36ms (Views: 31.9ms | ActiveRecord: 1.2ms)


Started GET "/assets/application.css?body=1" for 127.0.0.1 at 2013-04-04 12:31:59 -0700
Served asset /application.css - 304 Not Modified (0ms)


Started GET "/assets/jquery.js?body=1" for 127.0.0.1 at 2013-04-04 12:32:00 -0700
Served asset /jquery.js - 304 Not Modified (0ms)


Started GET "/assets/jquery_ujs.js?body=1" for 127.0.0.1 at 2013-04-04 12:32:00 -0700
Served asset /jquery_ujs.js - 304 Not Modified (0ms)


Started GET "/assets/application.js?body=1" for 127.0.0.1 at 2013-04-04 12:32:00 -0700
Served asset /application.js - 304 Not Modified (5ms)


Started GET "/movies?order=title" for 127.0.0.1 at 2013-04-04 12:52:28 -0700
  Processing by MoviesController#index as HTML
  Parameters: {"order"=>"title"}
  [1m[35mMovie Load (0.5ms)[0m  SELECT "movies".* FROM "movies" ORDER BY title
Rendered movies/index.html.haml within layouts/application (2.1ms)
Completed 500 Internal Server Error in 21ms

ActionView::Template::Error (Illegal element: classes and ids must have values.):
    4: %table#movies
    5:   %thead
    6:     %tr
    7:       %th#title_header.@class= link_to "Movie Title", movies_path(:order => "title", :class => "hilite")
    8:       %th Rating
    9:       %th#release_date_header.@class= link_to "Release Date", movies_path(:order => "release_date", :class => "hilite")
    10:       %th More Info
  app/views/movies/index.html.haml:7

Rendered /usr/local/lib/ruby/gems/1.9.1/gems/actionpack-3.1.0/lib/action_dispatch/middleware/templates/rescues/_trace.erb (2.7ms)
Rendered /usr/local/lib/ruby/gems/1.9.1/gems/actionpack-3.1.0/lib/action_dispatch/middleware/templates/rescues/_request_and_response.erb (0.9ms)
Rendered /usr/local/lib/ruby/gems/1.9.1/gems/actionpack-3.1.0/lib/action_dispatch/middleware/templates/rescues/template_error.erb within rescues/layout (8.0ms)


Started GET "/movies" for 127.0.0.1 at 2013-04-04 12:53:43 -0700

SyntaxError (/home/ubuntu/Documents/hw2_rottenpotatoes/app/controllers/movies_controller.rb:9: syntax error, unexpected '[', expecting ')'
  def index(params[:class]="")
                   ^
/home/ubuntu/Documents/hw2_rottenpotatoes/app/controllers/movies_controller.rb:43: syntax error, unexpected keyword_end, expecting $end):
  

Rendered /usr/local/lib/ruby/gems/1.9.1/gems/actionpack-3.1.0/lib/action_dispatch/middleware/templates/rescues/_trace.erb (2.0ms)
Rendered /usr/local/lib/ruby/gems/1.9.1/gems/actionpack-3.1.0/lib/action_dispatch/middleware/templates/rescues/_request_and_response.erb (1.1ms)
Rendered /usr/local/lib/ruby/gems/1.9.1/gems/actionpack-3.1.0/lib/action_dispatch/middleware/templates/rescues/diagnostics.erb within rescues/layout (14.0ms)


Started GET "/movies" for 127.0.0.1 at 2013-04-04 12:54:48 -0700
  Processing by MoviesController#index as HTML
Completed 500 Internal Server Error in 1ms

TypeError (can't convert Symbol into Integer):
  app/controllers/movies_controller.rb:10:in `[]'
  app/controllers/movies_controller.rb:10:in `index'

Rendered /usr/local/lib/ruby/gems/1.9.1/gems/actionpack-3.1.0/lib/action_dispatch/middleware/templates/rescues/_trace.erb (1.7ms)
Rendered /usr/local/lib/ruby/gems/1.9.1/gems/actionpack-3.1.0/lib/action_dispatch/middleware/templates/rescues/_request_and_response.erb (5.8ms)
Rendered /usr/local/lib/ruby/gems/1.9.1/gems/actionpack-3.1.0/lib/action_dispatch/middleware/templates/rescues/diagnostics.erb within rescues/layout (16.8ms)


Started GET "/movies" for 127.0.0.1 at 2013-04-04 12:55:40 -0700
  Processing by MoviesController#index as HTML
  [1m[36mMovie Load (0.4ms)[0m  [1mSELECT "movies".* FROM "movies" [0m
Rendered movies/index.html.haml within layouts/application (2.0ms)
Completed 500 Internal Server Error in 23ms

ActionView::Template::Error (Illegal element: classes and ids must have values.):
    4: %table#movies
    5:   %thead
    6:     %tr
    7:       %th#title_header.@class= link_to "Movie Title", movies_path(:order => "title", :class => "hilite")
    8:       %th Rating
    9:       %th#release_date_header.@class= link_to "Release Date", movies_path(:order => "release_date", :class => "hilite")
    10:       %th More Info
  app/views/movies/index.html.haml:7

Rendered /usr/local/lib/ruby/gems/1.9.1/gems/actionpack-3.1.0/lib/action_dispatch/middleware/templates/rescues/_trace.erb (1.8ms)
Rendered /usr/local/lib/ruby/gems/1.9.1/gems/actionpack-3.1.0/lib/action_dispatch/middleware/templates/rescues/_request_and_response.erb (9.1ms)
Rendered /usr/local/lib/ruby/gems/1.9.1/gems/actionpack-3.1.0/lib/action_dispatch/middleware/templates/rescues/template_error.erb within rescues/layout (26.9ms)


Started GET "/movies" for 127.0.0.1 at 2013-04-04 12:56:43 -0700
  Processing by MoviesController#index as HTML
  [1m[35mMovie Load (0.4ms)[0m  SELECT "movies".* FROM "movies" 
Rendered movies/index.html.haml within layouts/application (2.1ms)
Completed 500 Internal Server Error in 46ms

ActionView::Template::Error (Illegal element: classes and ids must have values.):
    4: %table#movies
    5:   %thead
    6:     %tr
    7:       %th#title_header.@class= link_to "Movie Title", movies_path(:order => "title", :class => "hilite")
    8:       %th Rating
    9:       %th#release_date_header.@class= link_to "Release Date", movies_path(:order => "release_date", :class => "hilite")
    10:       %th More Info
  app/views/movies/index.html.haml:7

Rendered /usr/local/lib/ruby/gems/1.9.1/gems/actionpack-3.1.0/lib/action_dispatch/middleware/templates/rescues/_trace.erb (2.0ms)
Rendered /usr/local/lib/ruby/gems/1.9.1/gems/actionpack-3.1.0/lib/action_dispatch/middleware/templates/rescues/_request_and_response.erb (1.3ms)
Rendered /usr/local/lib/ruby/gems/1.9.1/gems/actionpack-3.1.0/lib/action_dispatch/middleware/templates/rescues/template_error.erb within rescues/layout (23.1ms)


Started GET "/movies" for 127.0.0.1 at 2013-04-04 12:56:46 -0700
  Processing by MoviesController#index as HTML
  [1m[36mMovie Load (0.4ms)[0m  [1mSELECT "movies".* FROM "movies" [0m
Rendered movies/index.html.haml within layouts/application (1.8ms)
Completed 500 Internal Server Error in 15ms

ActionView::Template::Error (Illegal element: classes and ids must have values.):
    4: %table#movies
    5:   %thead
    6:     %tr
    7:       %th#title_header.@class= link_to "Movie Title", movies_path(:order => "title", :class => "hilite")
    8:       %th Rating
    9:       %th#release_date_header.@class= link_to "Release Date", movies_path(:order => "release_date", :class => "hilite")
    10:       %th More Info
  app/views/movies/index.html.haml:7

Rendered /usr/local/lib/ruby/gems/1.9.1/gems/actionpack-3.1.0/lib/action_dispatch/middleware/templates/rescues/_trace.erb (1.4ms)
Rendered /usr/local/lib/ruby/gems/1.9.1/gems/actionpack-3.1.0/lib/action_dispatch/middleware/templates/rescues/_request_and_response.erb (1.4ms)
Rendered /usr/local/lib/ruby/gems/1.9.1/gems/actionpack-3.1.0/lib/action_dispatch/middleware/templates/rescues/template_error.erb within rescues/layout (7.6ms)


Started GET "/movies" for 127.0.0.1 at 2013-04-04 12:58:05 -0700
  Processing by MoviesController#index as HTML
  [1m[35mMovie Load (0.6ms)[0m  SELECT "movies".* FROM "movies" 
Rendered movies/index.html.haml within layouts/application (2.4ms)
Completed 500 Internal Server Error in 36ms

ActionView::Template::Error (Illegal element: classes and ids must have values.):
    4: %table#movies
    5:   %thead
    6:     %tr
    7:       %th#title_header.@class= link_to "Movie Title", movies_path(:order => "title", :class => "hilite")
    8:       %th Rating
    9:       %th#release_date_header.@class= link_to "Release Date", movies_path(:order => "release_date", :class => "hilite")
    10:       %th More Info
  app/views/movies/index.html.haml:7

Rendered /usr/local/lib/ruby/gems/1.9.1/gems/actionpack-3.1.0/lib/action_dispatch/middleware/templates/rescues/_trace.erb (5.9ms)
Rendered /usr/local/lib/ruby/gems/1.9.1/gems/actionpack-3.1.0/lib/action_dispatch/middleware/templates/rescues/_request_and_response.erb (1.2ms)
Rendered /usr/local/lib/ruby/gems/1.9.1/gems/actionpack-3.1.0/lib/action_dispatch/middleware/templates/rescues/template_error.erb within rescues/layout (12.0ms)


Started GET "/movies" for 127.0.0.1 at 2013-04-04 13:01:31 -0700
  Processing by MoviesController#index as HTML
  [1m[36mMovie Load (0.4ms)[0m  [1mSELECT "movies".* FROM "movies" [0m
Rendered movies/index.html.haml within layouts/application (4.6ms)
Completed 500 Internal Server Error in 34ms

ActionView::Template::Error (Illegal element: classes and ids must have values.):
    4: %table#movies
    5:   %thead
    6:     %tr
    7:       %th#title_header.@class= link_to "Movie Title", movies_path(:order => "title", :class => "hilite")
    8:       %th Rating
    9:       %th#release_date_header.@class= link_to "Release Date", movies_path(:order => "release_date", :class => "hilite")
    10:       %th More Info
  app/views/movies/index.html.haml:7

Rendered /usr/local/lib/ruby/gems/1.9.1/gems/actionpack-3.1.0/lib/action_dispatch/middleware/templates/rescues/_trace.erb (4.5ms)
Rendered /usr/local/lib/ruby/gems/1.9.1/gems/actionpack-3.1.0/lib/action_dispatch/middleware/templates/rescues/_request_and_response.erb (1.5ms)
Rendered /usr/local/lib/ruby/gems/1.9.1/gems/actionpack-3.1.0/lib/action_dispatch/middleware/templates/rescues/template_error.erb within rescues/layout (20.7ms)


Started GET "/movies" for 127.0.0.1 at 2013-04-04 13:01:55 -0700
  Processing by MoviesController#index as HTML
  [1m[35mMovie Load (0.5ms)[0m  SELECT "movies".* FROM "movies" 
Rendered movies/index.html.haml within layouts/application (2.2ms)
Completed 500 Internal Server Error in 23ms

ActionView::Template::Error (Illegal element: classes and ids must have values.):
    4: %table#movies
    5:   %thead
    6:     %tr
    7:       %th#title_header.@class= link_to "Movie Title", movies_path(:order => "title", :class => "hilite")
    8:       %th Rating
    9:       %th#release_date_header.@class= link_to "Release Date", movies_path(:order => "release_date", :class => "hilite")
    10:       %th More Info
  app/views/movies/index.html.haml:7

Rendered /usr/local/lib/ruby/gems/1.9.1/gems/actionpack-3.1.0/lib/action_dispatch/middleware/templates/rescues/_trace.erb (1.8ms)
Rendered /usr/local/lib/ruby/gems/1.9.1/gems/actionpack-3.1.0/lib/action_dispatch/middleware/templates/rescues/_request_and_response.erb (1.1ms)
Rendered /usr/local/lib/ruby/gems/1.9.1/gems/actionpack-3.1.0/lib/action_dispatch/middleware/templates/rescues/template_error.erb within rescues/layout (27.6ms)


Started GET "/movies" for 127.0.0.1 at 2013-04-04 13:04:58 -0700
  Processing by MoviesController#index as HTML
  [1m[36mMovie Load (0.4ms)[0m  [1mSELECT "movies".* FROM "movies" [0m
Rendered movies/index.html.haml within layouts/application (1.9ms)
Completed 500 Internal Server Error in 27ms

ActionView::Template::Error (Illegal element: classes and ids must have values.):
    4: %table#movies
    5:   %thead
    6:     %tr
    7:       %th#title_header.@class= link_to "Movie Title", movies_path(:order => "title", :class => "hilite")
    8:       %th Rating
    9:       %th#release_date_header.@class= link_to "Release Date", movies_path(:order => "release_date", :class => "hilite")
    10:       %th More Info
  app/views/movies/index.html.haml:7

Rendered /usr/local/lib/ruby/gems/1.9.1/gems/actionpack-3.1.0/lib/action_dispatch/middleware/templates/rescues/_trace.erb (16.8ms)
Rendered /usr/local/lib/ruby/gems/1.9.1/gems/actionpack-3.1.0/lib/action_dispatch/middleware/templates/rescues/_request_and_response.erb (1.3ms)
Rendered /usr/local/lib/ruby/gems/1.9.1/gems/actionpack-3.1.0/lib/action_dispatch/middleware/templates/rescues/template_error.erb within rescues/layout (22.3ms)


Started GET "/movies" for 127.0.0.1 at 2013-04-04 13:05:03 -0700
  Processing by MoviesController#index as HTML
  [1m[35mMovie Load (0.5ms)[0m  SELECT "movies".* FROM "movies" 
Rendered movies/index.html.haml within layouts/application (1.9ms)
Completed 500 Internal Server Error in 16ms

ActionView::Template::Error (Illegal element: classes and ids must have values.):
    4: %table#movies
    5:   %thead
    6:     %tr
    7:       %th#title_header.@class= link_to "Movie Title", movies_path(:order => "title", :class => "hilite")
    8:       %th Rating
    9:       %th#release_date_header.@class= link_to "Release Date", movies_path(:order => "release_date", :class => "hilite")
    10:       %th More Info
  app/views/movies/index.html.haml:7

Rendered /usr/local/lib/ruby/gems/1.9.1/gems/actionpack-3.1.0/lib/action_dispatch/middleware/templates/rescues/_trace.erb (8.5ms)
Rendered /usr/local/lib/ruby/gems/1.9.1/gems/actionpack-3.1.0/lib/action_dispatch/middleware/templates/rescues/_request_and_response.erb (90.9ms)
Rendered /usr/local/lib/ruby/gems/1.9.1/gems/actionpack-3.1.0/lib/action_dispatch/middleware/templates/rescues/template_error.erb within rescues/layout (113.7ms)


Started GET "/movies" for 127.0.0.1 at 2013-04-04 13:05:18 -0700
  Processing by MoviesController#index as HTML
Completed 500 Internal Server Error in 18ms

NameError (undefined local variable or method `hilite' for #<MoviesController:0xb4533298>):
  app/controllers/movies_controller.rb:10:in `index'

Rendered /usr/local/lib/ruby/gems/1.9.1/gems/actionpack-3.1.0/lib/action_dispatch/middleware/templates/rescues/_trace.erb (11.4ms)
Rendered /usr/local/lib/ruby/gems/1.9.1/gems/actionpack-3.1.0/lib/action_dispatch/middleware/templates/rescues/_request_and_response.erb (1.7ms)
Rendered /usr/local/lib/ruby/gems/1.9.1/gems/actionpack-3.1.0/lib/action_dispatch/middleware/templates/rescues/diagnostics.erb within rescues/layout (27.6ms)


Started GET "/movies" for 127.0.0.1 at 2013-04-04 13:13:28 -0700
  Processing by MoviesController#index as HTML
Completed 500 Internal Server Error in 47ms

NameError (undefined local variable or method `hilite' for #<MoviesController:0xb359f7dc>):
  app/controllers/movies_controller.rb:10:in `index'

Rendered /usr/local/lib/ruby/gems/1.9.1/gems/actionpack-3.1.0/lib/action_dispatch/middleware/templates/rescues/_trace.erb (1.5ms)
Rendered /usr/local/lib/ruby/gems/1.9.1/gems/actionpack-3.1.0/lib/action_dispatch/middleware/templates/rescues/_request_and_response.erb (1.3ms)
Rendered /usr/local/lib/ruby/gems/1.9.1/gems/actionpack-3.1.0/lib/action_dispatch/middleware/templates/rescues/diagnostics.erb within rescues/layout (37.7ms)


Started GET "/movies" for 127.0.0.1 at 2013-04-04 13:13:33 -0700
  Processing by MoviesController#index as HTML
Completed 500 Internal Server Error in 53ms

NameError (undefined local variable or method `hilite' for #<MoviesController:0xb4a2e0b8>):
  app/controllers/movies_controller.rb:10:in `index'

Rendered /usr/local/lib/ruby/gems/1.9.1/gems/actionpack-3.1.0/lib/action_dispatch/middleware/templates/rescues/_trace.erb (1.5ms)
Rendered /usr/local/lib/ruby/gems/1.9.1/gems/actionpack-3.1.0/lib/action_dispatch/middleware/templates/rescues/_request_and_response.erb (1.3ms)
Rendered /usr/local/lib/ruby/gems/1.9.1/gems/actionpack-3.1.0/lib/action_dispatch/middleware/templates/rescues/diagnostics.erb within rescues/layout (8.1ms)


Started GET "/movies" for 127.0.0.1 at 2013-04-04 13:14:32 -0700
  Processing by MoviesController#index as HTML
  [1m[36mMovie Load (0.3ms)[0m  [1mSELECT "movies".* FROM "movies" [0m
Rendered movies/index.html.haml within layouts/application (2.2ms)
Completed 500 Internal Server Error in 15ms

ActionView::Template::Error (Illegal element: classes and ids must have values.):
    4: %table#movies
    5:   %thead
    6:     %tr
    7:       %th#title_header.=@class link_to "Movie Title", movies_path(:order => "title", :class => "hilite")
    8:       %th Rating
    9:       %th#release_date_header.=@class link_to "Release Date", movies_path(:order => "release_date", :class => "hilite")
    10:       %th More Info
  app/views/movies/index.html.haml:7

Rendered /usr/local/lib/ruby/gems/1.9.1/gems/actionpack-3.1.0/lib/action_dispatch/middleware/templates/rescues/_trace.erb (2.1ms)
Rendered /usr/local/lib/ruby/gems/1.9.1/gems/actionpack-3.1.0/lib/action_dispatch/middleware/templates/rescues/_request_and_response.erb (1.3ms)
Rendered /usr/local/lib/ruby/gems/1.9.1/gems/actionpack-3.1.0/lib/action_dispatch/middleware/templates/rescues/template_error.erb within rescues/layout (14.0ms)


Started GET "/movies" for 127.0.0.1 at 2013-04-04 13:16:11 -0700
  Processing by MoviesController#index as HTML
  [1m[35mMovie Load (0.5ms)[0m  SELECT "movies".* FROM "movies" 
Rendered movies/index.html.haml within layouts/application (8.3ms)
Completed 500 Internal Server Error in 28ms

ActionView::Template::Error (Illegal element: classes and ids must have values.):
    4: %table#movies
    5:   %thead
    6:     %tr
    7:       %th#title_header.=@class link_to "Movie Title", movies_path(:order => "title", :class => "hilite")
    8:       %th Rating
    9:       %th#release_date_header.=@class link_to "Release Date", movies_path(:order => "release_date", :class => "hilite")
    10:       %th More Info
  app/views/movies/index.html.haml:7

Rendered /usr/local/lib/ruby/gems/1.9.1/gems/actionpack-3.1.0/lib/action_dispatch/middleware/templates/rescues/_trace.erb (1.9ms)
Rendered /usr/local/lib/ruby/gems/1.9.1/gems/actionpack-3.1.0/lib/action_dispatch/middleware/templates/rescues/_request_and_response.erb (14.6ms)
Rendered /usr/local/lib/ruby/gems/1.9.1/gems/actionpack-3.1.0/lib/action_dispatch/middleware/templates/rescues/template_error.erb within rescues/layout (21.5ms)


Started GET "/movies" for 127.0.0.1 at 2013-04-04 13:16:14 -0700
  Processing by MoviesController#index as HTML
  [1m[36mMovie Load (0.4ms)[0m  [1mSELECT "movies".* FROM "movies" [0m
Rendered movies/index.html.haml within layouts/application (5.7ms)
Completed 500 Internal Server Error in 50ms

ActionView::Template::Error (Illegal element: classes and ids must have values.):
    4: %table#movies
    5:   %thead
    6:     %tr
    7:       %th#title_header.=@class link_to "Movie Title", movies_path(:order => "title", :class => "hilite")
    8:       %th Rating
    9:       %th#release_date_header.=@class link_to "Release Date", movies_path(:order => "release_date", :class => "hilite")
    10:       %th More Info
  app/views/movies/index.html.haml:7

Rendered /usr/local/lib/ruby/gems/1.9.1/gems/actionpack-3.1.0/lib/action_dispatch/middleware/templates/rescues/_trace.erb (2.2ms)
Rendered /usr/local/lib/ruby/gems/1.9.1/gems/actionpack-3.1.0/lib/action_dispatch/middleware/templates/rescues/_request_and_response.erb (4.9ms)
Rendered /usr/local/lib/ruby/gems/1.9.1/gems/actionpack-3.1.0/lib/action_dispatch/middleware/templates/rescues/template_error.erb within rescues/layout (23.6ms)


Started GET "/movies" for 127.0.0.1 at 2013-04-04 13:27:21 -0700
  Processing by MoviesController#index as HTML
  [1m[35mMovie Load (0.4ms)[0m  SELECT "movies".* FROM "movies" 
Rendered movies/index.html.haml within layouts/application (2.4ms)
Completed 500 Internal Server Error in 16ms

ActionView::Template::Error (Illegal element: classes and ids must have values.):
    6:     %tr
    7:       %th#title_header{:class => @class}= link_to "Movie Title", movies_path(:order => "title", :class => "hilite")
    8:       %th Rating
    9:       %th#release_date_header.=@class link_to "Release Date", movies_path(:order => "release_date", :class => "hilite")
    10:       %th More Info
    11:   %tbody
    12:     - @movies.each do |movie|
  app/views/movies/index.html.haml:9

Rendered /usr/local/lib/ruby/gems/1.9.1/gems/actionpack-3.1.0/lib/action_dispatch/middleware/templates/rescues/_trace.erb (2.6ms)
Rendered /usr/local/lib/ruby/gems/1.9.1/gems/actionpack-3.1.0/lib/action_dispatch/middleware/templates/rescues/_request_and_response.erb (1.1ms)
Rendered /usr/local/lib/ruby/gems/1.9.1/gems/actionpack-3.1.0/lib/action_dispatch/middleware/templates/rescues/template_error.erb within rescues/layout (8.8ms)


Started GET "/movies" for 127.0.0.1 at 2013-04-04 13:28:03 -0700
  Processing by MoviesController#index as HTML
  [1m[36mMovie Load (0.4ms)[0m  [1mSELECT "movies".* FROM "movies" [0m
Rendered movies/index.html.haml within layouts/application (74.3ms)
Compiled application.css  (0ms)  (pid 5832)
Completed 200 OK in 122ms (Views: 118.6ms | ActiveRecord: 1.0ms)


Started GET "/assets/application.css?body=1" for 127.0.0.1 at 2013-04-04 13:28:04 -0700
Served asset /application.css - 200 OK (8ms)


Started GET "/assets/jquery.js?body=1" for 127.0.0.1 at 2013-04-04 13:28:04 -0700
Served asset /jquery.js - 304 Not Modified (18ms)


Started GET "/assets/jquery_ujs.js?body=1" for 127.0.0.1 at 2013-04-04 13:28:04 -0700
Served asset /jquery_ujs.js - 304 Not Modified (0ms)


Started GET "/assets/application.js?body=1" for 127.0.0.1 at 2013-04-04 13:28:04 -0700
Served asset /application.js - 304 Not Modified (0ms)


Started GET "/movies?class=hilite&order=title" for 127.0.0.1 at 2013-04-04 13:28:11 -0700
  Processing by MoviesController#index as HTML
  Parameters: {"class"=>"hilite", "order"=>"title"}
  [1m[35mMovie Load (0.5ms)[0m  SELECT "movies".* FROM "movies" ORDER BY title
Rendered movies/index.html.haml within layouts/application (44.4ms)
Completed 200 OK in 75ms (Views: 70.8ms | ActiveRecord: 1.7ms)


Started GET "/assets/jquery.js?body=1" for 127.0.0.1 at 2013-04-04 13:28:11 -0700
Served asset /jquery.js - 304 Not Modified (0ms)


Started GET "/assets/jquery_ujs.js?body=1" for 127.0.0.1 at 2013-04-04 13:28:11 -0700
Served asset /jquery_ujs.js - 304 Not Modified (0ms)


Started GET "/assets/application.js?body=1" for 127.0.0.1 at 2013-04-04 13:28:11 -0700
Served asset /application.js - 304 Not Modified (0ms)


Started GET "/movies" for 127.0.0.1 at 2013-04-04 13:31:19 -0700
  Processing by MoviesController#index as HTML
  [1m[36mMovie Load (0.4ms)[0m  [1mSELECT "movies".* FROM "movies" [0m
Rendered movies/index.html.haml within layouts/application (48.8ms)
Completed 200 OK in 79ms (Views: 75.3ms | ActiveRecord: 1.2ms)


Started GET "/assets/application.css?body=1" for 127.0.0.1 at 2013-04-04 13:31:19 -0700
Served asset /application.css - 304 Not Modified (22ms)


Started GET "/assets/jquery.js?body=1" for 127.0.0.1 at 2013-04-04 13:31:19 -0700
Served asset /jquery.js - 304 Not Modified (0ms)


Started GET "/assets/jquery_ujs.js?body=1" for 127.0.0.1 at 2013-04-04 13:31:20 -0700
Served asset /jquery_ujs.js - 304 Not Modified (0ms)


Started GET "/assets/application.js?body=1" for 127.0.0.1 at 2013-04-04 13:31:20 -0700
Served asset /application.js - 304 Not Modified (0ms)


Started GET "/movies?class=hilite&order=title" for 127.0.0.1 at 2013-04-04 13:31:24 -0700
  Processing by MoviesController#index as HTML
  Parameters: {"class"=>"hilite", "order"=>"title"}
  [1m[35mMovie Load (0.5ms)[0m  SELECT "movies".* FROM "movies" ORDER BY title
Rendered movies/index.html.haml within layouts/application (153.3ms)
Completed 200 OK in 176ms (Views: 166.6ms | ActiveRecord: 1.2ms)


Started GET "/assets/application.css?body=1" for 127.0.0.1 at 2013-04-04 13:31:24 -0700
Served asset /application.css - 304 Not Modified (2ms)


Started GET "/assets/jquery.js?body=1" for 127.0.0.1 at 2013-04-04 13:31:24 -0700
Served asset /jquery.js - 304 Not Modified (0ms)


Started GET "/assets/application.js?body=1" for 127.0.0.1 at 2013-04-04 13:31:24 -0700
Served asset /application.js - 304 Not Modified (0ms)


Started GET "/assets/jquery_ujs.js?body=1" for 127.0.0.1 at 2013-04-04 13:31:24 -0700
Served asset /jquery_ujs.js - 304 Not Modified (0ms)


Started GET "/movies?class=hilite&order=release_date" for 127.0.0.1 at 2013-04-04 13:31:29 -0700
  Processing by MoviesController#index as HTML
  Parameters: {"class"=>"hilite", "order"=>"release_date"}
  [1m[36mMovie Load (0.5ms)[0m  [1mSELECT "movies".* FROM "movies" ORDER BY release_date[0m
Rendered movies/index.html.haml within layouts/application (56.1ms)
Completed 200 OK in 96ms (Views: 75.9ms | ActiveRecord: 10.8ms)


Started GET "/assets/application.css?body=1" for 127.0.0.1 at 2013-04-04 13:31:30 -0700
Served asset /application.css - 304 Not Modified (0ms)


Started GET "/assets/jquery.js?body=1" for 127.0.0.1 at 2013-04-04 13:31:30 -0700
Served asset /jquery.js - 304 Not Modified (4ms)


Started GET "/assets/application.js?body=1" for 127.0.0.1 at 2013-04-04 13:31:30 -0700
Served asset /application.js - 304 Not Modified (0ms)


Started GET "/assets/jquery_ujs.js?body=1" for 127.0.0.1 at 2013-04-04 13:31:30 -0700
Served asset /jquery_ujs.js - 304 Not Modified (0ms)


Started GET "/movies?class=hilite&order=title" for 127.0.0.1 at 2013-04-04 13:31:40 -0700
  Processing by MoviesController#index as HTML
  Parameters: {"class"=>"hilite", "order"=>"title"}
  [1m[35mMovie Load (0.5ms)[0m  SELECT "movies".* FROM "movies" ORDER BY title
Rendered movies/index.html.haml within layouts/application (27.1ms)
Completed 200 OK in 43ms (Views: 37.6ms | ActiveRecord: 1.9ms)


Started GET "/assets/application.css?body=1" for 127.0.0.1 at 2013-04-04 13:31:40 -0700
Served asset /application.css - 304 Not Modified (0ms)


Started GET "/assets/jquery.js?body=1" for 127.0.0.1 at 2013-04-04 13:31:40 -0700
Served asset /jquery.js - 304 Not Modified (0ms)


Started GET "/assets/jquery_ujs.js?body=1" for 127.0.0.1 at 2013-04-04 13:31:40 -0700
Served asset /jquery_ujs.js - 304 Not Modified (0ms)


Started GET "/assets/application.js?body=1" for 127.0.0.1 at 2013-04-04 13:31:40 -0700
Served asset /application.js - 304 Not Modified (0ms)
